[7/7/2025, 2:10:47 AM] === Backpack 单策略交易系统启动 ===
[7/7/2025, 2:10:47 AM] Node.js版本: v22.16.0
[7/7/2025, 2:10:47 AM] WorkingDir: /workspace
[7/7/2025, 2:10:47 AM] 已加载单策略配置: /workspace/backpack_trading_config.json
[7/7/2025, 2:10:47 AM] 交易币种: BTC
[7/7/2025, 2:10:47 AM] 总投资额: 2000 USDC
[7/7/2025, 2:10:47 AM] 订单数量: 8
[7/7/2025, 2:11:35 AM] 交易执行失败
[7/7/2025, 2:12:39 AM] 收到Ctrl+C信号，正在停止应用...
[7/7/2025, 2:12:51 AM] 应用已停止，退出程序
[7/7/2025, 2:12:51 AM] 清理资源...
[7/7/2025, 2:12:51 AM] 正在刷新日志缓冲区...
[7/7/2025, 2:12:51 AM] 程序退出，退出码: 0
[7/7/2025, 2:22:08 AM] === Backpack 单策略交易系统启动 ===
[7/7/2025, 2:22:08 AM] Node.js版本: v22.16.0
[7/7/2025, 2:22:08 AM] WorkingDir: /workspace
[7/7/2025, 2:22:08 AM] 已加载单策略配置: /workspace/backpack_trading_config.json
[7/7/2025, 2:22:08 AM] 交易币种: BTC
[7/7/2025, 2:22:08 AM] 总投资额: 2000 USDC
[7/7/2025, 2:22:08 AM] 订单数量: 8
[7/7/2025, 2:22:56 AM] 交易执行失败
