[7/5/2025, 9:00:43 AM] === Backpack 自动化交易系统启动 ===
[7/5/2025, 9:00:43 AM] Node.js版本: v22.16.0
[7/5/2025, 9:00:43 AM] WorkingDir: /workspace
[7/5/2025, 9:00:43 AM] 脚本基本路径: /workspace/src
[7/5/2025, 9:00:43 AM] 读取配置文件: /workspace/backpack_trading_config.json
[7/5/2025, 9:00:43 AM] 交易币种: BTC
[7/5/2025, 9:00:43 AM] 总投资额: 1000 USDC
[7/5/2025, 9:00:43 AM] 订单数量: 4
[7/5/2025, 9:00:51 AM] 交易执行失败
[7/5/2025, 9:04:07 AM] 收到Ctrl+C信号，正在停止应用...
[7/5/2025, 9:04:11 AM] 应用已停止，退出程序
[7/5/2025, 9:04:11 AM] 清理资源...
[7/5/2025, 9:04:11 AM] 正在刷新日志缓冲区...
[7/5/2025, 9:04:11 AM] 程序退出，退出码: 0
[7/5/2025, 9:04:12 AM] === Backpack 自动化交易系统启动 ===
[7/5/2025, 9:04:12 AM] Node.js版本: v22.16.0
[7/5/2025, 9:04:12 AM] WorkingDir: /workspace
[7/5/2025, 9:04:12 AM] 脚本基本路径: /workspace/src
[7/5/2025, 9:04:12 AM] 读取配置文件: /workspace/backpack_trading_config.json
[7/5/2025, 9:04:12 AM] 交易币种: BTC
[7/5/2025, 9:04:12 AM] 总投资额: 1000 USDC
[7/5/2025, 9:04:12 AM] 订单数量: 4
[7/5/2025, 9:04:20 AM] 交易执行失败
