[7/14/2025, 10:34:54 AM] 初始化BackpackClient失败: 密钥验证失败: error:0680008E:asn1 encoding routines::not enough data
[7/14/2025, 10:34:54 AM] 初始化BackpackClient失败: 密钥验证失败: error:0680008E:asn1 encoding routines::not enough data
[7/14/2025, 10:34:54 AM] API调用失败(尝试 1/5): Cannot read properties of undefined (reading 'Ticker')
[7/14/2025, 10:34:57 AM] API调用失败(尝试 2/5): Cannot read properties of undefined (reading 'Ticker')
[7/14/2025, 10:35:00 AM] API调用失败(尝试 3/5): Cannot read properties of undefined (reading 'Ticker')
[7/14/2025, 10:35:03 AM] API调用失败(尝试 4/5): Cannot read properties of undefined (reading 'Ticker')
[7/14/2025, 10:35:06 AM] API调用失败(尝试 5/5): Cannot read properties of undefined (reading 'Ticker')
[7/14/2025, 10:35:06 AM] API调用失败(尝试 1/5): Cannot read properties of undefined (reading 'OrderHistory')
[7/14/2025, 10:35:09 AM] API调用失败(尝试 2/5): Cannot read properties of undefined (reading 'OrderHistory')
[7/14/2025, 10:35:12 AM] API调用失败(尝试 3/5): Cannot read properties of undefined (reading 'OrderHistory')
[7/14/2025, 10:35:15 AM] API调用失败(尝试 4/5): Cannot read properties of undefined (reading 'OrderHistory')
[7/14/2025, 10:35:18 AM] API调用失败(尝试 5/5): Cannot read properties of undefined (reading 'OrderHistory')
[7/14/2025, 10:35:18 AM] 获取订单历史记录失败: Cannot read properties of undefined (reading 'OrderHistory')
[7/14/2025, 10:35:18 AM] 恢复历史订单数据失败: Cannot read properties of undefined (reading 'OrderHistory')
[7/14/2025, 10:35:18 AM] 初始化BackpackClient失败: 密钥验证失败: error:0680008E:asn1 encoding routines::not enough data
[7/14/2025, 10:35:18 AM] API调用失败(尝试 1/5): Cannot read properties of undefined (reading 'Ticker')
[7/14/2025, 10:35:21 AM] API调用失败(尝试 2/5): Cannot read properties of undefined (reading 'Ticker')
[7/14/2025, 10:35:24 AM] API调用失败(尝试 3/5): Cannot read properties of undefined (reading 'Ticker')
[7/14/2025, 10:35:27 AM] API调用失败(尝试 4/5): Cannot read properties of undefined (reading 'Ticker')
[7/14/2025, 10:35:30 AM] API调用失败(尝试 5/5): Cannot read properties of undefined (reading 'Ticker')
[7/14/2025, 10:35:30 AM] API调用失败(尝试 1/5): Cannot read properties of undefined (reading 'OrderHistory')
[7/14/2025, 10:35:33 AM] API调用失败(尝试 2/5): Cannot read properties of undefined (reading 'OrderHistory')
[7/14/2025, 10:35:36 AM] API调用失败(尝试 3/5): Cannot read properties of undefined (reading 'OrderHistory')
[7/14/2025, 10:35:39 AM] API调用失败(尝试 4/5): Cannot read properties of undefined (reading 'OrderHistory')
[7/14/2025, 10:35:42 AM] API调用失败(尝试 5/5): Cannot read properties of undefined (reading 'OrderHistory')
[7/14/2025, 10:35:42 AM] 获取订单历史记录失败: Cannot read properties of undefined (reading 'OrderHistory')
[7/14/2025, 10:35:42 AM] 恢复历史订单数据失败: Cannot read properties of undefined (reading 'OrderHistory')
