[7/7/2025, 2:10:47 AM] 初始化BackpackClient失败: 私钥处理错误: 私钥格式不支持
[7/7/2025, 2:10:47 AM] 初始化BackpackClient失败: 私钥处理错误: 私钥格式不支持
[7/7/2025, 2:10:47 AM] API调用失败(尝试 1/5): Cannot read properties of undefined (reading 'Ticker')
[7/7/2025, 2:10:50 AM] API调用失败(尝试 2/5): Cannot read properties of undefined (reading 'Ticker')
[7/7/2025, 2:10:53 AM] API调用失败(尝试 3/5): Cannot read properties of undefined (reading 'Ticker')
[7/7/2025, 2:10:56 AM] API调用失败(尝试 4/5): Cannot read properties of undefined (reading 'Ticker')
[7/7/2025, 2:10:59 AM] API调用失败(尝试 5/5): Cannot read properties of undefined (reading 'Ticker')
[7/7/2025, 2:10:59 AM] API调用失败(尝试 1/5): Cannot read properties of undefined (reading 'CancelOpenOrders')
[7/7/2025, 2:11:02 AM] API调用失败(尝试 2/5): Cannot read properties of undefined (reading 'CancelOpenOrders')
[7/7/2025, 2:11:05 AM] API调用失败(尝试 3/5): Cannot read properties of undefined (reading 'CancelOpenOrders')
[7/7/2025, 2:11:08 AM] API调用失败(尝试 4/5): Cannot read properties of undefined (reading 'CancelOpenOrders')
[7/7/2025, 2:11:11 AM] API调用失败(尝试 5/5): Cannot read properties of undefined (reading 'CancelOpenOrders')
[7/7/2025, 2:11:11 AM] 取消现有订单失败: Cannot read properties of undefined (reading 'CancelOpenOrders')
[7/7/2025, 2:11:11 AM] 初始化BackpackClient失败: 私钥处理错误: 私钥格式不支持
[7/7/2025, 2:11:11 AM] API调用失败(尝试 1/5): Cannot read properties of undefined (reading 'Ticker')
[7/7/2025, 2:11:14 AM] API调用失败(尝试 2/5): Cannot read properties of undefined (reading 'Ticker')
[7/7/2025, 2:11:17 AM] API调用失败(尝试 3/5): Cannot read properties of undefined (reading 'Ticker')
[7/7/2025, 2:11:20 AM] API调用失败(尝试 4/5): Cannot read properties of undefined (reading 'Ticker')
[7/7/2025, 2:11:23 AM] API调用失败(尝试 5/5): Cannot read properties of undefined (reading 'Ticker')
[7/7/2025, 2:11:23 AM] API调用失败(尝试 1/5): Cannot read properties of undefined (reading 'CancelOpenOrders')
[7/7/2025, 2:11:26 AM] API调用失败(尝试 2/5): Cannot read properties of undefined (reading 'CancelOpenOrders')
[7/7/2025, 2:11:29 AM] API调用失败(尝试 3/5): Cannot read properties of undefined (reading 'CancelOpenOrders')
[7/7/2025, 2:11:32 AM] API调用失败(尝试 4/5): Cannot read properties of undefined (reading 'CancelOpenOrders')
[7/7/2025, 2:11:35 AM] API调用失败(尝试 5/5): Cannot read properties of undefined (reading 'CancelOpenOrders')
[7/7/2025, 2:11:35 AM] 取消现有订单失败: Cannot read properties of undefined (reading 'CancelOpenOrders')
[7/7/2025, 2:12:39 AM] API调用失败(尝试 1/5): Cannot read properties of undefined (reading 'CancelOpenOrders')
[7/7/2025, 2:12:42 AM] API调用失败(尝试 2/5): Cannot read properties of undefined (reading 'CancelOpenOrders')
[7/7/2025, 2:12:45 AM] API调用失败(尝试 3/5): Cannot read properties of undefined (reading 'CancelOpenOrders')
[7/7/2025, 2:12:48 AM] API调用失败(尝试 4/5): Cannot read properties of undefined (reading 'CancelOpenOrders')
[7/7/2025, 2:12:51 AM] API调用失败(尝试 5/5): Cannot read properties of undefined (reading 'CancelOpenOrders')
[7/7/2025, 2:12:51 AM] 撤销订单失败: Cannot read properties of undefined (reading 'CancelOpenOrders')
[7/7/2025, 2:22:08 AM] 初始化BackpackClient失败: 密钥验证失败: error:0680008E:asn1 encoding routines::not enough data
[7/7/2025, 2:22:08 AM] 初始化BackpackClient失败: 密钥验证失败: error:0680008E:asn1 encoding routines::not enough data
[7/7/2025, 2:22:08 AM] API调用失败(尝试 1/5): Cannot read properties of undefined (reading 'Ticker')
[7/7/2025, 2:22:11 AM] API调用失败(尝试 2/5): Cannot read properties of undefined (reading 'Ticker')
[7/7/2025, 2:22:14 AM] API调用失败(尝试 3/5): Cannot read properties of undefined (reading 'Ticker')
[7/7/2025, 2:22:17 AM] API调用失败(尝试 4/5): Cannot read properties of undefined (reading 'Ticker')
[7/7/2025, 2:22:20 AM] API调用失败(尝试 5/5): Cannot read properties of undefined (reading 'Ticker')
[7/7/2025, 2:22:20 AM] API调用失败(尝试 1/5): Cannot read properties of undefined (reading 'CancelOpenOrders')
[7/7/2025, 2:22:23 AM] API调用失败(尝试 2/5): Cannot read properties of undefined (reading 'CancelOpenOrders')
[7/7/2025, 2:22:26 AM] API调用失败(尝试 3/5): Cannot read properties of undefined (reading 'CancelOpenOrders')
[7/7/2025, 2:22:29 AM] API调用失败(尝试 4/5): Cannot read properties of undefined (reading 'CancelOpenOrders')
[7/7/2025, 2:22:32 AM] API调用失败(尝试 5/5): Cannot read properties of undefined (reading 'CancelOpenOrders')
[7/7/2025, 2:22:32 AM] 取消现有订单失败: Cannot read properties of undefined (reading 'CancelOpenOrders')
[7/7/2025, 2:22:32 AM] 初始化BackpackClient失败: 密钥验证失败: error:0680008E:asn1 encoding routines::not enough data
[7/7/2025, 2:22:32 AM] API调用失败(尝试 1/5): Cannot read properties of undefined (reading 'Ticker')
[7/7/2025, 2:22:35 AM] API调用失败(尝试 2/5): Cannot read properties of undefined (reading 'Ticker')
[7/7/2025, 2:22:38 AM] API调用失败(尝试 3/5): Cannot read properties of undefined (reading 'Ticker')
[7/7/2025, 2:22:41 AM] API调用失败(尝试 4/5): Cannot read properties of undefined (reading 'Ticker')
[7/7/2025, 2:22:44 AM] API调用失败(尝试 5/5): Cannot read properties of undefined (reading 'Ticker')
[7/7/2025, 2:22:44 AM] API调用失败(尝试 1/5): Cannot read properties of undefined (reading 'CancelOpenOrders')
[7/7/2025, 2:22:47 AM] API调用失败(尝试 2/5): Cannot read properties of undefined (reading 'CancelOpenOrders')
[7/7/2025, 2:22:50 AM] API调用失败(尝试 3/5): Cannot read properties of undefined (reading 'CancelOpenOrders')
[7/7/2025, 2:22:53 AM] API调用失败(尝试 4/5): Cannot read properties of undefined (reading 'CancelOpenOrders')
[7/7/2025, 2:22:56 AM] API调用失败(尝试 5/5): Cannot read properties of undefined (reading 'CancelOpenOrders')
[7/7/2025, 2:22:56 AM] 取消现有订单失败: Cannot read properties of undefined (reading 'CancelOpenOrders')
