[7/5/2025, 9:00:43 AM] 初始化BackpackClient失败: 私钥处理错误: 私钥长度不足
[7/5/2025, 9:00:43 AM] WebSocketManager.onPriceUpdate 已正确设置
[7/5/2025, 9:00:43 AM] 初始化BackpackClient失败: 私钥处理错误: 私钥长度不足
[7/5/2025, 9:00:43 AM] WebSocketManager.onPriceUpdate 已正确设置
[7/5/2025, 9:00:43 AM] 获取BTC_USDC行情数据...
[7/5/2025, 9:00:43 AM] API调用失败(尝试 1/3): Cannot read properties of undefined (reading 'Ticker')
[7/5/2025, 9:00:43 AM] 2秒后重试...
[7/5/2025, 9:00:45 AM] API调用失败(尝试 2/3): Cannot read properties of undefined (reading 'Ticker')
[7/5/2025, 9:00:45 AM] 2秒后重试...
[7/5/2025, 9:00:47 AM] API调用失败(尝试 3/3): Cannot read properties of undefined (reading 'Ticker')
[7/5/2025, 9:00:47 AM] 初始化BackpackClient失败: 私钥处理错误: 私钥长度不足
[7/5/2025, 9:00:47 AM] WebSocketManager.onPriceUpdate 已正确设置
[7/5/2025, 9:00:47 AM] 程序启动时间: 7/5/2025, 9:00:47 AM
[7/5/2025, 9:00:47 AM] API调用失败(尝试 1/3): Cannot read properties of undefined (reading 'Ticker')
[7/5/2025, 9:00:47 AM] 2秒后重试...
[7/5/2025, 9:00:49 AM] API调用失败(尝试 2/3): Cannot read properties of undefined (reading 'Ticker')
[7/5/2025, 9:00:49 AM] 2秒后重试...
[7/5/2025, 9:00:51 AM] API调用失败(尝试 3/3): Cannot read properties of undefined (reading 'Ticker')
[7/5/2025, 9:00:51 AM] 获取行情失败: Cannot read properties of undefined (reading 'Ticker')
[7/5/2025, 9:00:51 AM] WebSocket连接已建立
[7/5/2025, 9:00:56 AM] 轮询获取价格: 108085.2 USDC
[7/5/2025, 9:01:21 AM] 轮询获取价格: 108081.7 USDC
[7/5/2025, 9:01:26 AM] 轮询获取价格: 108081.7 USDC
[7/5/2025, 9:01:31 AM] 轮询获取价格: 108081.7 USDC
[7/5/2025, 9:01:41 AM] 轮询获取价格: 108085.8 USDC
[7/5/2025, 9:02:21 AM] 轮询获取价格: 108090.6 USDC
[7/5/2025, 9:02:36 AM] 轮询获取价格: 108090.6 USDC
[7/5/2025, 9:02:41 AM] 轮询获取价格: 108090.6 USDC
[7/5/2025, 9:02:46 AM] 轮询获取价格: 108090.6 USDC
[7/5/2025, 9:02:56 AM] 轮询获取价格: 108035.4 USDC
[7/5/2025, 9:03:26 AM] 轮询获取价格: 108046.2 USDC
[7/5/2025, 9:03:51 AM] 轮询获取价格: 108048.8 USDC
[7/5/2025, 9:04:06 AM] 轮询获取价格: 108048.8 USDC
[7/5/2025, 9:04:07 AM] 正在停止应用程序...
[7/5/2025, 9:04:07 AM] API调用失败(尝试 1/3): Cannot read properties of undefined (reading 'CancelOpenOrders')
[7/5/2025, 9:04:07 AM] 2秒后重试...
[7/5/2025, 9:04:09 AM] API调用失败(尝试 2/3): Cannot read properties of undefined (reading 'CancelOpenOrders')
[7/5/2025, 9:04:09 AM] 2秒后重试...
[7/5/2025, 9:04:11 AM] 轮询获取价格: 108048.8 USDC
[7/5/2025, 9:04:11 AM] API调用失败(尝试 3/3): Cannot read properties of undefined (reading 'CancelOpenOrders')
[7/5/2025, 9:04:11 AM] 撤销订单失败: Cannot read properties of undefined (reading 'CancelOpenOrders')
[7/5/2025, 9:04:11 AM] 已关闭所有WebSocket连接
[7/5/2025, 9:04:11 AM] 已停止价格监控
[7/5/2025, 9:04:11 AM] 总挂单次数: 0
[7/5/2025, 9:04:11 AM] 已处理订单数量: 0
[7/5/2025, 9:04:12 AM] 初始化BackpackClient失败: 私钥处理错误: 私钥长度不足
[7/5/2025, 9:04:12 AM] 交易对: BTC_USDC
[7/5/2025, 9:04:12 AM] 初始化BackpackClient失败: 私钥处理错误: 私钥长度不足
[7/5/2025, 9:04:12 AM] WebSocketManager: onPriceUpdate回调已设置
[7/5/2025, 9:04:12 AM] 程序启动时间: 7/5/2025, 9:04:12 AM
[7/5/2025, 9:04:12 AM] API调用失败(尝试 1/3): Cannot read properties of undefined (reading 'Ticker')
[7/5/2025, 9:04:12 AM] 2秒后重试...
[7/5/2025, 9:04:14 AM] API调用失败(尝试 2/3): Cannot read properties of undefined (reading 'Ticker')
[7/5/2025, 9:04:14 AM] 2秒后重试...
[7/5/2025, 9:04:16 AM] API调用失败(尝试 3/3): Cannot read properties of undefined (reading 'Ticker')
[7/5/2025, 9:04:16 AM] 交易对: BTC_USDC
[7/5/2025, 9:04:16 AM] 初始化BackpackClient失败: 私钥处理错误: 私钥长度不足
[7/5/2025, 9:04:16 AM] API调用失败(尝试 1/3): Cannot read properties of undefined (reading 'Ticker')
[7/5/2025, 9:04:16 AM] 2秒后重试...
[7/5/2025, 9:04:18 AM] API调用失败(尝试 2/3): Cannot read properties of undefined (reading 'Ticker')
[7/5/2025, 9:04:18 AM] 2秒后重试...
[7/5/2025, 9:04:20 AM] API调用失败(尝试 3/3): Cannot read properties of undefined (reading 'Ticker')
[7/5/2025, 9:04:20 AM] 启动对 BTC_USDC 的价格监控...
[7/5/2025, 9:04:20 AM] 警告: 当前价格无效，无法执行交易
[7/5/2025, 9:04:22 AM] 价格更新: BTC_USDC = 108048.8 USDC 
[7/5/2025, 9:04:45 AM] 轮询获取价格: 108048.8 USDC
[7/5/2025, 9:04:50 AM] 轮询获取价格: 108048.8 USDC
[7/5/2025, 9:04:54 AM] 开始撤销 BTC_USDC 交易对的所有未完成订单...
[7/5/2025, 9:04:54 AM] API调用失败(尝试 1/3): Cannot read properties of undefined (reading 'CancelOpenOrders')
[7/5/2025, 9:04:54 AM] 2秒后重试...
[7/5/2025, 9:04:55 AM] 轮询获取价格: 108048.8 USDC
[7/5/2025, 9:04:56 AM] API调用失败(尝试 2/3): Cannot read properties of undefined (reading 'CancelOpenOrders')
[7/5/2025, 9:04:56 AM] 2秒后重试...
[7/5/2025, 9:04:58 AM] API调用失败(尝试 3/3): Cannot read properties of undefined (reading 'CancelOpenOrders')
[7/5/2025, 9:04:58 AM] 撤销订单失败: Cannot read properties of undefined (reading 'CancelOpenOrders')
[7/5/2025, 9:04:58 AM] 正在停止价格监控...
[7/5/2025, 9:04:58 AM] 停止价格监控...
[7/5/2025, 9:04:58 AM] WebSocket连接已强制终止
[7/5/2025, 9:04:58 AM] 价格监控已完全停止
[7/5/2025, 9:04:58 AM] 正在关闭WebSocket连接...
[7/5/2025, 9:04:58 AM] 已关闭所有WebSocket连接
[7/5/2025, 9:04:58 AM] 平均成交价格: 0.00 USDC
[7/5/2025, 9:04:58 AM] 统计数据最后更新: 无
[7/5/2025, 9:04:58 AM] 已处理订单数量: 0
