[2025/4/5 20:31:58] 收到WS消息类型: ["data","stream"]
[2025/4/5 20:31:58] 消息内容: {"data":{"E":1743856318231879,"V":"7495639.955072","c":"83429","e":"ticker","h":"84557","l":"81822.7","n":33813,"o":"82727.2","s":"BTC_USDC","v":"89.9...
[2025/4/5 20:31:58] 找到价格数据消息: {"data":{"E":1743856318231879,"V":"7495639.955072","c":"83429","e":"ticker","h":"84557","l":"81822.7...
[2025/4/5 20:31:58] 处理价格数据: {"data":{"E":1743856318231879,"V":"7495639.955072","c":"83429","e":"ticker","h":"84557","l":"81822.7","n":33813,"o":"82727.2","s":"BTC_USDC","v":"89.90515"},"stream":"ticker.BTC_USDC"}...
[2025/4/5 20:31:58] 识别为Backpack嵌套格式数据
[2025/4/5 20:31:58] 成功提取价格数据: 交易对=BTC_USDC, 价格=83429
[2025/4/5 20:31:58] 20:31:58 - BTC_USDC: 83429
[2025/4/5 20:31:58] 准备调用外部价格回调: symbol=BTC_USDC, price=83429
[2025/4/5 20:31:58] 收到WebSocket价格更新: BTC_USDC = 83429 USDC (时间: 20:31:58)
[2025/4/5 20:31:58] WebSocket价格更新: {"price":83429,"symbol":"BTC_USDC","source":"WebSocket","updateTime":1743856318272,"change":0}
[2025/4/5 20:31:58] 相对均价下跌: 0.32% (当前: 83429.00, 均价: 83694.00)
[2025/4/5 20:31:58] 价格信息已传递给应用程序
[2025/4/5 20:31:58] 外部价格回调调用成功
[2025/4/5 20:31:59] 找到价格数据消息: {"data":{"E":1743856319222531,"V":"7495748.412707","c":"83429","e":"ticker","h":"84557","l":"81822.7...
[2025/4/5 20:31:59] 处理价格数据: {"data":{"E":1743856319222531,"V":"7495748.412707","c":"83429","e":"ticker","h":"84557","l":"81822.7","n":33818,"o":"82727.2","s":"BTC_USDC","v":"89.90645"},"stream":"ticker.BTC_USDC"}...
[2025/4/5 20:31:59] 识别为Backpack嵌套格式数据
[2025/4/5 20:31:59] 成功提取价格数据: 交易对=BTC_USDC, 价格=83429
[2025/4/5 20:31:59] 20:31:59 - BTC_USDC: 83429
[2025/4/5 20:31:59] 准备调用外部价格回调: symbol=BTC_USDC, price=83429
[2025/4/5 20:31:59] 收到WebSocket价格更新: BTC_USDC = 83429 USDC (时间: 20:31:59)
[2025/4/5 20:31:59] WebSocket价格更新: {"price":83429,"symbol":"BTC_USDC","source":"WebSocket","updateTime":1743856319295,"change":0}
[2025/4/5 20:31:59] 相对均价下跌: 0.32% (当前: 83429.00, 均价: 83694.00)
[2025/4/5 20:31:59] 价格信息已传递给应用程序
[2025/4/5 20:31:59] 外部价格回调调用成功
