[7/7/2025, 2:10:47 AM] 初始化BackpackClient失败: 私钥处理错误: 私钥格式不支持
[7/7/2025, 2:10:47 AM] WebSocketManager: onPriceUpdate回调已设置
[7/7/2025, 2:10:47 AM] 初始化BackpackClient失败: 私钥处理错误: 私钥格式不支持
[7/7/2025, 2:10:47 AM] 程序启动时间: 7/7/2025, 2:10:47 AM
[7/7/2025, 2:10:47 AM] 获取BTC_USDC行情数据...
[7/7/2025, 2:10:47 AM] API调用失败(尝试 1/5): Cannot read properties of undefined (reading 'Ticker')
[7/7/2025, 2:10:47 AM] 3秒后重试...
[7/7/2025, 2:10:50 AM] API调用失败(尝试 2/5): Cannot read properties of undefined (reading 'Ticker')
[7/7/2025, 2:10:50 AM] 3秒后重试...
[7/7/2025, 2:10:53 AM] API调用失败(尝试 3/5): Cannot read properties of undefined (reading 'Ticker')
[7/7/2025, 2:10:53 AM] 3秒后重试...
[7/7/2025, 2:10:56 AM] API调用失败(尝试 4/5): Cannot read properties of undefined (reading 'Ticker')
[7/7/2025, 2:10:56 AM] 3秒后重试...
[7/7/2025, 2:10:59 AM] API调用失败(尝试 5/5): Cannot read properties of undefined (reading 'Ticker')
[7/7/2025, 2:10:59 AM] API调用失败(尝试 1/5): Cannot read properties of undefined (reading 'CancelOpenOrders')
[7/7/2025, 2:10:59 AM] 3秒后重试...
[7/7/2025, 2:11:02 AM] API调用失败(尝试 2/5): Cannot read properties of undefined (reading 'CancelOpenOrders')
[7/7/2025, 2:11:02 AM] 3秒后重试...
[7/7/2025, 2:11:05 AM] API调用失败(尝试 3/5): Cannot read properties of undefined (reading 'CancelOpenOrders')
[7/7/2025, 2:11:05 AM] 3秒后重试...
[7/7/2025, 2:11:08 AM] API调用失败(尝试 4/5): Cannot read properties of undefined (reading 'CancelOpenOrders')
[7/7/2025, 2:11:08 AM] 3秒后重试...
[7/7/2025, 2:11:11 AM] API调用失败(尝试 5/5): Cannot read properties of undefined (reading 'CancelOpenOrders')
[7/7/2025, 2:11:11 AM] 取消现有订单失败: Cannot read properties of undefined (reading 'CancelOpenOrders')
[7/7/2025, 2:11:11 AM] 初始化BackpackClient失败: 私钥处理错误: 私钥格式不支持
[7/7/2025, 2:11:11 AM] 获取BTC_USDC行情数据...
[7/7/2025, 2:11:11 AM] API调用失败(尝试 1/5): Cannot read properties of undefined (reading 'Ticker')
[7/7/2025, 2:11:11 AM] 3秒后重试...
[7/7/2025, 2:11:14 AM] API调用失败(尝试 2/5): Cannot read properties of undefined (reading 'Ticker')
[7/7/2025, 2:11:14 AM] 3秒后重试...
[7/7/2025, 2:11:17 AM] API调用失败(尝试 3/5): Cannot read properties of undefined (reading 'Ticker')
[7/7/2025, 2:11:17 AM] 3秒后重试...
[7/7/2025, 2:11:20 AM] API调用失败(尝试 4/5): Cannot read properties of undefined (reading 'Ticker')
[7/7/2025, 2:11:20 AM] 3秒后重试...
[7/7/2025, 2:11:23 AM] API调用失败(尝试 5/5): Cannot read properties of undefined (reading 'Ticker')
[7/7/2025, 2:11:23 AM] 正在取消所有现有未成交订单...
[7/7/2025, 2:11:23 AM] API调用失败(尝试 1/5): Cannot read properties of undefined (reading 'CancelOpenOrders')
[7/7/2025, 2:11:23 AM] 3秒后重试...
[7/7/2025, 2:11:26 AM] API调用失败(尝试 2/5): Cannot read properties of undefined (reading 'CancelOpenOrders')
[7/7/2025, 2:11:26 AM] 3秒后重试...
[7/7/2025, 2:11:29 AM] API调用失败(尝试 3/5): Cannot read properties of undefined (reading 'CancelOpenOrders')
[7/7/2025, 2:11:29 AM] 3秒后重试...
[7/7/2025, 2:11:32 AM] API调用失败(尝试 4/5): Cannot read properties of undefined (reading 'CancelOpenOrders')
[7/7/2025, 2:11:32 AM] 3秒后重试...
[7/7/2025, 2:11:35 AM] API调用失败(尝试 5/5): Cannot read properties of undefined (reading 'CancelOpenOrders')
[7/7/2025, 2:11:35 AM] 取消现有订单失败: Cannot read properties of undefined (reading 'CancelOpenOrders')
[7/7/2025, 2:12:05 AM] 轮询获取价格: 109450 USDC
[7/7/2025, 2:12:15 AM] 轮询获取价格: 109531.4 USDC
[7/7/2025, 2:12:25 AM] 轮询获取价格: 109532.3 USDC
[7/7/2025, 2:12:30 AM] 轮询获取价格: 109491.8 USDC
[7/7/2025, 2:12:35 AM] 轮询获取价格: 109491.8 USDC
[7/7/2025, 2:12:39 AM] 正在停止应用程序...
[7/7/2025, 2:12:39 AM] API调用失败(尝试 1/5): Cannot read properties of undefined (reading 'CancelOpenOrders')
[7/7/2025, 2:12:39 AM] 3秒后重试...
[7/7/2025, 2:12:42 AM] API调用失败(尝试 2/5): Cannot read properties of undefined (reading 'CancelOpenOrders')
[7/7/2025, 2:12:42 AM] 3秒后重试...
[7/7/2025, 2:12:45 AM] API调用失败(尝试 3/5): Cannot read properties of undefined (reading 'CancelOpenOrders')
[7/7/2025, 2:12:45 AM] 3秒后重试...
[7/7/2025, 2:12:48 AM] API调用失败(尝试 4/5): Cannot read properties of undefined (reading 'CancelOpenOrders')
[7/7/2025, 2:12:48 AM] 3秒后重试...
[7/7/2025, 2:12:51 AM] API调用失败(尝试 5/5): Cannot read properties of undefined (reading 'CancelOpenOrders')
[7/7/2025, 2:12:51 AM] 取消所有订单失败: Cannot read properties of undefined (reading 'CancelOpenOrders')
[7/7/2025, 2:12:51 AM] 撤销订单失败: Cannot read properties of undefined (reading 'CancelOpenOrders')
[7/7/2025, 2:12:51 AM] 所有WebSocket连接已关闭并清理完成
[7/7/2025, 2:12:51 AM] 已成交订单: 0
[7/7/2025, 2:12:51 AM] 统计数据最后更新: 无
[7/7/2025, 2:12:51 AM] 已处理订单数量: 0
[7/7/2025, 2:12:51 AM] ==================

